<?xml version="1.0" encoding="UTF-8"?>
<testsuite name="ConverterTest" tests="1" skipped="0" failures="0" errors="0" timestamp="2020-05-05T18:19:41" hostname="LAPTOP-OSER7KRG" time="0.193">
  <properties/>
  <testcase name="start" classname="ConverterTest" time="0.193"/>
  <system-out><![CDATA[?[1;31m
Start test 1?[0m
> {"qwerty":null}
<qwerty/>
?[1;31m
Start test 2?[0m
> {"pizza":"slice"}
<pizza>slice</pizza>
?[1;31m
Start test 3?[0m
> {"success":null}
<success/>
?[1;31m
Start test 4?[0m
> <qwerty/>
{"qwerty":null}
?[1;31m
Start test 5?[0m
> <jdk>1.8.9</jdk>
{"jdk":"1.8.9"}
?[1;31m
Start test 6?[0m
> <success/>
{"success":null}
?[1;31m
Start test 7?[0m
> {"host":"127.0.0.1"}
<host>127.0.0.1</host>
?[1;31m
Start test 8?[0m
> <pizza>slice</pizza>
{"pizza":"slice"}
?[1;31m
Start test 9?[0m
> <host>127.0.0.1</host>
{"host":"127.0.0.1"}
?[1;31m
Start test 10?[0m
> {"jdk":"1.8.9"}
<jdk>1.8.9</jdk>
]]></system-out>
  <system-err><![CDATA[]]></system-err>
</testsuite>
